{
  "0 debug pnpm:scope": {
    "selected": 1
  },
  "1 error pnpm": {
    "code": "ELIFECYCLE",
    "errno": "ENOENT",
    "syscall": "spawn",
    "file": "sh",
    "pkgid": "discord-server-cloner-2@2.0",
    "stage": "start",
    "script": "tsx src/index",
    "pkgname": "discord-server-cloner-2",
    "err": {
      "name": "pnpm",
      "message": "discord-server-cloner-2@2.0 start: `tsx src/index`\nspawn ENOENT",
      "code": "ELIFECYCLE",
      "stack": "pnpm: discord-server-cloner-2@2.0 start: `tsx src/index`\nspawn ENOENT\n    at ChildProcess.<anonymous> (/usr/local/lib/node_modules/pnpm/dist/pnpm.cjs:93448:22)\n    at ChildProcess.emit (node:events:513:28)\n    at maybeClose (node:internal/child_process:1093:16)\n    at Process.ChildProcess._handle.onexit (node:internal/child_process:302:5)"
    }
  },
  "2 warn pnpm:global": " Local package.json exists, but node_modules missing, did you mean to install?"
}